Build started 2013/3/3 19:46:05.
     1>Project "E:\C ++\C++Projects\matlabWithC++\Demo\Demo\Demo.vcxproj" on node 2 (build target(s)).
     1>InitializeBuildStatus:
         Creating "Release\Demo.unsuccessfulbuild" because "AlwaysCreate" was specified.
       ClCompile:
         D:\Program Files\Microsoft Visual Studio 10.0\VC\bin\CL.exe /c /I"D:\Program Files\MATLAB\R2011b\extern\include" /Zi /nologo /W3 /WX- /O2 /Oi /Oy- /GL /D WIN32 /D NDEBUG /D _CONSOLE /D _UNICODE /D UNICODE /Gm- /EHsc /MD /GS /Gy /fp:precise /Zc:wchar_t /Zc:forScope /Fo"Release\\" /Fd"Release\vc100.pdb" /Gd /TP /analyze- /errorReport:prompt engdemo.cpp
         engdemo.cpp
       Link:
         D:\Program Files\Microsoft Visual Studio 10.0\VC\bin\link.exe /ERRORREPORT:PROMPT /OUT:"E:\C ++\C++Projects\matlabWithC++\Demo\Release\Demo.exe" /INCREMENTAL:NO /NOLOGO /LIBPATH:"D:\Program Files\MATLAB\R2011b\extern\lib\win32\microsoft" libmx.lib libmat.lib libeng.lib kernel32.lib user32.lib gdi32.lib winspool.lib comdlg32.lib advapi32.lib shell32.lib ole32.lib oleaut32.lib uuid.lib odbc32.lib odbccp32.lib /MANIFEST /ManifestFile:"Release\Demo.exe.intermediate.manifest" /MANIFESTUAC:"level='asInvoker' uiAccess='false'" /DEBUG /PDB:"E:\C ++\C++Projects\matlabWithC++\Demo\Release\Demo.pdb" /SUBSYSTEM:CONSOLE /OPT:REF /OPT:ICF /LTCG /TLBID:1 /DYNAMICBASE /NXCOMPAT /IMPLIB:"E:\C ++\C++Projects\matlabWithC++\Demo\Release\Demo.lib" /MACHINE:X86 Release\Demo.obj
         Release\engdemo.obj
         Generating code
         Finished generating code
         Demo.vcxproj -> E:\C ++\C++Projects\matlabWithC++\Demo\Release\Demo.exe
       Manifest:
         C:\Program Files\Microsoft SDKs\Windows\v7.0A\bin\mt.exe /nologo /verbose /outputresource:"E:\C ++\C++Projects\matlabWithC++\Demo\Release\Demo.exe;#1" /manifest Release\Demo.exe.intermediate.manifest
       FinalizeBuildStatus:
         Deleting file "Release\Demo.unsuccessfulbuild".
         Touching "Release\Demo.lastbuildstate".
     1>Done Building Project "E:\C ++\C++Projects\matlabWithC++\Demo\Demo\Demo.vcxproj" (build target(s)).

Build succeeded.

Time Elapsed 00:00:03.50
