Build started 2013/3/3 19:33:34.
     1>Project "E:\C ++\C++Projects\matlabWithC++\Demo\Demo\Demo.vcxproj" on node 2 (build target(s)).
     1>InitializeBuildStatus:
         Touching "Debug\Demo.unsuccessfulbuild".
       ClCompile:
         D:\Program Files\Microsoft Visual Studio 10.0\VC\bin\CL.exe /c /I"D:\Program Files\MATLAB\R2011b\extern\include" /ZI /nologo /W3 /WX- /Od /Oy- /D WIN32 /D _DEBUG /D _CONSOLE /D _UNICODE /D UNICODE /Gm /EHsc /RTC1 /MDd /GS /fp:precise /Zc:wchar_t /Zc:forScope /Fo"Debug\\" /Fd"Debug\vc100.pdb" /Gd /TP /analyze- /errorReport:prompt engdemo.cpp
         engdemo.cpp
       ManifestResourceCompile:
         All outputs are up-to-date.
       Link:
         D:\Program Files\Microsoft Visual Studio 10.0\VC\bin\link.exe /ERRORREPORT:PROMPT /OUT:"E:\C ++\C++Projects\matlabWithC++\Demo\Debug\Demo.exe" /INCREMENTAL /NOLOGO /LIBPATH:"D:\Program Files\MATLAB\R2011b\extern\lib\win32\microsoft" libmx.lib libmat.lib libeng.lib kernel32.lib user32.lib gdi32.lib winspool.lib comdlg32.lib advapi32.lib shell32.lib ole32.lib oleaut32.lib uuid.lib odbc32.lib odbccp32.lib /MANIFEST /ManifestFile:"Debug\Demo.exe.intermediate.manifest" /MANIFESTUAC:"level='asInvoker' uiAccess='false'" /DEBUG /PDB:"E:\C ++\C++Projects\matlabWithC++\Demo\Debug\Demo.pdb" /SUBSYSTEM:CONSOLE /TLBID:1 /DYNAMICBASE /NXCOMPAT /IMPLIB:"E:\C ++\C++Projects\matlabWithC++\Demo\Debug\Demo.lib" /MACHINE:X86 Debug\Demo.exe.embed.manifest.res
         Debug\Demo.obj
         Debug\engdemo.obj
       Manifest:
         C:\Program Files\Microsoft SDKs\Windows\v7.0A\bin\mt.exe /nologo /verbose /out:"Debug\Demo.exe.embed.manifest" /manifest Debug\Demo.exe.intermediate.manifest
         All outputs are up-to-date.
       LinkEmbedManifest:
         All outputs are up-to-date.
         Demo.vcxproj -> E:\C ++\C++Projects\matlabWithC++\Demo\Debug\Demo.exe
       FinalizeBuildStatus:
         Deleting file "Debug\Demo.unsuccessfulbuild".
         Touching "Debug\Demo.lastbuildstate".
     1>Done Building Project "E:\C ++\C++Projects\matlabWithC++\Demo\Demo\Demo.vcxproj" (build target(s)).

Build succeeded.

Time Elapsed 00:00:01.44
