E:\C ++\C++PROJECTS\MATLABWITHC++\DEMO\DEBUG\DEMO.EXE
E:\C ++\C++PROJECTS\MATLABWITHC++\DEMO\DEBUG\DEMO.ILK
E:\C ++\C++PROJECTS\MATLABWITHC++\DEMO\DEBUG\DEMO.PDB
E:\C ++\C++Projects\matlabWithC++\Demo\Demo\Debug\cl.command.1.tlog
E:\C ++\C++Projects\matlabWithC++\Demo\Demo\Debug\CL.read.1.tlog
E:\C ++\C++Projects\matlabWithC++\Demo\Demo\Debug\CL.write.1.tlog
E:\C ++\C++PROJECTS\MATLABWITHC++\DEMO\DEMO\DEBUG\DEMO.EXE.EMBED.MANIFEST
E:\C ++\C++PROJECTS\MATLABWITHC++\DEMO\DEMO\DEBUG\DEMO.EXE.EMBED.MANIFEST.RES
E:\C ++\C++PROJECTS\MATLABWITHC++\DEMO\DEMO\DEBUG\DEMO.EXE.INTERMEDIATE.MANIFEST
E:\C ++\C++PROJECTS\MATLABWITHC++\DEMO\DEMO\DEBUG\DEMO.OBJ
E:\C ++\C++Projects\matlabWithC++\Demo\Demo\Debug\Demo_manifest.rc
E:\C ++\C++PROJECTS\MATLABWITHC++\DEMO\DEMO\DEBUG\ENGDEMO.OBJ
E:\C ++\C++Projects\matlabWithC++\Demo\Demo\Debug\link.31028.read.1.tlog
E:\C ++\C++Projects\matlabWithC++\Demo\Demo\Debug\link.31028.write.1.tlog
E:\C ++\C++Projects\matlabWithC++\Demo\Demo\Debug\link.31028-cvtres.read.1.tlog
E:\C ++\C++Projects\matlabWithC++\Demo\Demo\Debug\link.31028-cvtres.write.1.tlog
E:\C ++\C++Projects\matlabWithC++\Demo\Demo\Debug\link.command.1.tlog
E:\C ++\C++Projects\matlabWithC++\Demo\Demo\Debug\link.read.1.tlog
E:\C ++\C++Projects\matlabWithC++\Demo\Demo\Debug\link.write.1.tlog
E:\C ++\C++Projects\matlabWithC++\Demo\Demo\Debug\link-cvtres.read.1.tlog
E:\C ++\C++Projects\matlabWithC++\Demo\Demo\Debug\link-cvtres.write.1.tlog
E:\C ++\C++Projects\matlabWithC++\Demo\Demo\Debug\mt.command.1.tlog
E:\C ++\C++Projects\matlabWithC++\Demo\Demo\Debug\mt.read.1.tlog
E:\C ++\C++Projects\matlabWithC++\Demo\Demo\Debug\mt.write.1.tlog
E:\C ++\C++Projects\matlabWithC++\Demo\Demo\Debug\rc.command.1.tlog
E:\C ++\C++Projects\matlabWithC++\Demo\Demo\Debug\rc.read.1.tlog
E:\C ++\C++Projects\matlabWithC++\Demo\Demo\Debug\rc.write.1.tlog
E:\C ++\C++Projects\matlabWithC++\Demo\Demo\Debug\vc100.idb
E:\C ++\C++PROJECTS\MATLABWITHC++\DEMO\DEMO\DEBUG\VC100.PDB
